<?xml version="1.0" encoding="UTF-8"?>
<testsuite name="Como usuario del microservicio  reqresin" tests="1" skipped="0" failures="0" errors="0" timestamp="2022-04-16T17:35:26" hostname="DESKTOP-NTF8FMA" time="4.926">
  <properties/>
  <testcase name="Creacion de un nuevo registro" classname="Como usuario del microservicio  reqresin" time="4.926"/>
  <system-out><![CDATA[]]></system-out>
  <system-err><![CDATA[log4j:WARN No appenders could be found for logger (co.com.sofka.stepdefinitions.RegisterUserSteps).
log4j:WARN Please initialize the log4j system properly.
log4j:WARN See http://logging.apache.org/log4j/1.2/faq.html#noconfig for more info.
]]></system-err>
</testsuite>
